13/09/2015 11:40:30	This log contains information about the import schema operation into project 'Database' on computer 'PC147' by user 'brendan.caylor'.
13/09/2015 11:40:30	Import of database schema has started.
13/09/2015 11:40:34	Gathering database options
13/09/2015 11:40:34	Gathering users
13/09/2015 11:40:34	Gathering roles
13/09/2015 11:40:34	Gathering application roles
13/09/2015 11:40:34	Gathering role memberships
13/09/2015 11:40:34	Gathering filegroups
13/09/2015 11:40:34	Gathering full-text catalogs
13/09/2015 11:40:34	Gathering assemblies
13/09/2015 11:40:34	Gathering certificates
13/09/2015 11:40:34	Gathering asymmetric keys
13/09/2015 11:40:34	Gathering symmetric keys
13/09/2015 11:40:34	Gathering encrypted symmetric keys
13/09/2015 11:40:34	Gathering schemas
13/09/2015 11:40:35	Gathering XML schema collections
13/09/2015 11:40:35	Gathering user-defined data types
13/09/2015 11:40:35	Gathering user-defined types
13/09/2015 11:40:35	Gathering table types
13/09/2015 11:40:35	Gathering unique keys for table types
13/09/2015 11:40:35	Gathering primary keys for table types
13/09/2015 11:40:35	Gathering check constraints for table types
13/09/2015 11:40:35	Gathering default constraints for table types
13/09/2015 11:40:35	Gathering partition functions
13/09/2015 11:40:35	Gathering partition schemes
13/09/2015 11:40:35	Gathering functions
13/09/2015 11:40:35	Gathering encrypted functions
13/09/2015 11:40:35	Gathering aggregates
13/09/2015 11:40:35	Gathering procedures
13/09/2015 11:40:35	Gathering encrypted procedures
13/09/2015 11:40:35	Gathering tables
13/09/2015 11:40:35	Gathering primary keys
13/09/2015 11:40:35	Gathering unique constraints
13/09/2015 11:40:35	Gathering foreign keys
13/09/2015 11:40:35	Gathering default constraints
13/09/2015 11:40:35	Gathering check constraints
13/09/2015 11:40:35	Gathering views
13/09/2015 11:40:35	Gathering encrypted views
13/09/2015 11:40:35	Gathering indexes
13/09/2015 11:40:35	Gathering statistics
13/09/2015 11:40:35	Gathering full-text index stoplists
13/09/2015 11:40:35	Gathering search property lists
13/09/2015 11:40:35	Gathering search properties
13/09/2015 11:40:35	Gathering full-text indexes
13/09/2015 11:40:35	Gathering column store indexes
13/09/2015 11:40:35	Gathering spatial indexes
13/09/2015 11:40:35	Gathering XML indexes
13/09/2015 11:40:35	Gathering Selective XML indexes
13/09/2015 11:40:35	Gathering encrypted triggers
13/09/2015 11:40:35	Gathering triggers
13/09/2015 11:40:35	Gathering encrypted and clr ddl triggers
13/09/2015 11:40:35	Gathering ddl triggers
13/09/2015 11:40:35	Gathering synonyms
13/09/2015 11:40:35	Gathering defaults
13/09/2015 11:40:35	Gathering data constraint uddt bindings
13/09/2015 11:40:35	Gathering rules
13/09/2015 11:40:35	Gathering data constraint uddt bindings
13/09/2015 11:40:35	Gathering message types
13/09/2015 11:40:35	Gathering queues
13/09/2015 11:40:35	Gathering contracts
13/09/2015 11:40:35	Gathering services
13/09/2015 11:40:35	Gathering event notifications
13/09/2015 11:40:35	Gathering remote service bindings
13/09/2015 11:40:35	Gathering broker priorities
13/09/2015 11:40:35	Gathering signatures
13/09/2015 11:40:35	Gathering data compression options
13/09/2015 11:40:35	Gathering sequence types
13/09/2015 11:40:35	Gathering database permissions
13/09/2015 11:40:35	Gathering extended properties
13/09/2015 11:40:35	Gathering credentials
13/09/2015 11:40:35	Gathering logins
13/09/2015 11:40:35	Gathering server audits
13/09/2015 11:40:35	Scanning project for duplicate elements
13/09/2015 11:40:35	Finished duplicate element processing
13/09/2015 11:40:35	Finished importing database.
13/09/2015 11:40:35	A summary of the import was saved to the following location: C:\BrensDevFiles\____________CaseReviewWorkSheet\Database\Import Schema Logs\Database_20150913104030.log
13/09/2015 11:40:35	Click Finish to continue...
